<?xml version="1.0" encoding="UTF-8"?>
<testsuite xmlns:xsi="http://www.w3.org/2001/XMLSchema-instance" xsi:noNamespaceSchemaLocation="https://maven.apache.org/surefire/maven-surefire-plugin/xsd/surefire-test-report-3.0.xsd" version="3.0" name="my.first.migration.MainTest" time="0.216" tests="32" errors="0" skipped="0" failures="0">
  <properties>
    <property name="java.specification.version" value="21"/>
    <property name="sun.cpu.isalist" value="amd64"/>
    <property name="sun.jnu.encoding" value="Cp1252"/>
    <property name="java.class.path" value="C:\Users\Master\workspace-eclipse\my-first-migration\target\test-classes;C:\Users\Master\workspace-eclipse\my-first-migration\target\classes;C:\Users\Master\.m2\repository\org\junit\jupiter\junit-jupiter\5.9.2\junit-jupiter-5.9.2.jar;C:\Users\Master\.m2\repository\org\junit\jupiter\junit-jupiter-api\5.9.2\junit-jupiter-api-5.9.2.jar;C:\Users\Master\.m2\repository\org\opentest4j\opentest4j\1.2.0\opentest4j-1.2.0.jar;C:\Users\Master\.m2\repository\org\junit\platform\junit-platform-commons\1.9.2\junit-platform-commons-1.9.2.jar;C:\Users\Master\.m2\repository\org\apiguardian\apiguardian-api\1.1.2\apiguardian-api-1.1.2.jar;C:\Users\Master\.m2\repository\org\junit\jupiter\junit-jupiter-engine\5.9.2\junit-jupiter-engine-5.9.2.jar;C:\Users\Master\.m2\repository\org\junit\platform\junit-platform-engine\1.9.2\junit-platform-engine-1.9.2.jar;C:\Users\Master\.m2\repository\org\junit\jupiter\junit-jupiter-params\5.9.2\junit-jupiter-params-5.9.2.jar;C:\Users\Master\.m2\repository\com\fasterxml\jackson\core\jackson-databind\2.15.2\jackson-databind-2.15.2.jar;C:\Users\Master\.m2\repository\com\fasterxml\jackson\core\jackson-annotations\2.15.2\jackson-annotations-2.15.2.jar;C:\Users\Master\.m2\repository\com\fasterxml\jackson\core\jackson-core\2.15.2\jackson-core-2.15.2.jar;"/>
    <property name="java.vm.vendor" value="Eclipse Adoptium"/>
    <property name="sun.arch.data.model" value="64"/>
    <property name="user.variant" value=""/>
    <property name="java.vendor.url" value="https://adoptium.net/"/>
    <property name="user.timezone" value="Europe/Kiev"/>
    <property name="os.name" value="Windows 10"/>
    <property name="java.vm.specification.version" value="21"/>
    <property name="sun.java.launcher" value="SUN_STANDARD"/>
    <property name="user.country" value="US"/>
    <property name="sun.boot.library.path" value="C:\Program Files\Eclipse2025\eclipse\plugins\org.eclipse.justj.openjdk.hotspot.jre.full.win32.x86_64_21.0.8.v20250724-1412\jre\bin"/>
    <property name="sun.java.command" value="C:\Users\Master\AppData\Local\Temp\surefire217375726594494750\surefirebooter-20250918140915270_3.jar C:\Users\Master\AppData\Local\Temp\surefire217375726594494750 2025-09-18T14-09-09_938-jvmRun1 surefire-20250918140915270_1tmp surefire_0-20250918140915270_2tmp"/>
    <property name="jdk.debug" value="release"/>
    <property name="surefire.test.class.path" value="C:\Users\Master\workspace-eclipse\my-first-migration\target\test-classes;C:\Users\Master\workspace-eclipse\my-first-migration\target\classes;C:\Users\Master\.m2\repository\org\junit\jupiter\junit-jupiter\5.9.2\junit-jupiter-5.9.2.jar;C:\Users\Master\.m2\repository\org\junit\jupiter\junit-jupiter-api\5.9.2\junit-jupiter-api-5.9.2.jar;C:\Users\Master\.m2\repository\org\opentest4j\opentest4j\1.2.0\opentest4j-1.2.0.jar;C:\Users\Master\.m2\repository\org\junit\platform\junit-platform-commons\1.9.2\junit-platform-commons-1.9.2.jar;C:\Users\Master\.m2\repository\org\apiguardian\apiguardian-api\1.1.2\apiguardian-api-1.1.2.jar;C:\Users\Master\.m2\repository\org\junit\jupiter\junit-jupiter-engine\5.9.2\junit-jupiter-engine-5.9.2.jar;C:\Users\Master\.m2\repository\org\junit\platform\junit-platform-engine\1.9.2\junit-platform-engine-1.9.2.jar;C:\Users\Master\.m2\repository\org\junit\jupiter\junit-jupiter-params\5.9.2\junit-jupiter-params-5.9.2.jar;C:\Users\Master\.m2\repository\com\fasterxml\jackson\core\jackson-databind\2.15.2\jackson-databind-2.15.2.jar;C:\Users\Master\.m2\repository\com\fasterxml\jackson\core\jackson-annotations\2.15.2\jackson-annotations-2.15.2.jar;C:\Users\Master\.m2\repository\com\fasterxml\jackson\core\jackson-core\2.15.2\jackson-core-2.15.2.jar;"/>
    <property name="sun.cpu.endian" value="little"/>
    <property name="user.home" value="C:\Users\Master"/>
    <property name="user.language" value="en"/>
    <property name="java.specification.vendor" value="Oracle Corporation"/>
    <property name="java.version.date" value="2025-07-15"/>
    <property name="java.home" value="C:\Program Files\Eclipse2025\eclipse\plugins\org.eclipse.justj.openjdk.hotspot.jre.full.win32.x86_64_21.0.8.v20250724-1412\jre"/>
    <property name="file.separator" value="\"/>
    <property name="basedir" value="C:\Users\Master\workspace-eclipse\my-first-migration"/>
    <property name="style.color" value="always"/>
    <property name="java.vm.compressedOopsMode" value="Zero based"/>
    <property name="line.separator" value="&#10;"/>
    <property name="java.vm.specification.vendor" value="Oracle Corporation"/>
    <property name="java.specification.name" value="Java Platform API Specification"/>
    <property name="surefire.real.class.path" value="C:\Users\Master\AppData\Local\Temp\surefire217375726594494750\surefirebooter-20250918140915270_3.jar"/>
    <property name="user.script" value=""/>
    <property name="sun.management.compiler" value="HotSpot 64-Bit Tiered Compilers"/>
    <property name="java.runtime.version" value="21.0.8+9-LTS"/>
    <property name="user.name" value="Master"/>
    <property name="stdout.encoding" value="Cp1252"/>
    <property name="path.separator" value=";"/>
    <property name="os.version" value="10.0"/>
    <property name="java.runtime.name" value="OpenJDK Runtime Environment"/>
    <property name="file.encoding" value="UTF-8"/>
    <property name="java.vm.name" value="OpenJDK 64-Bit Server VM"/>
    <property name="java.vendor.version" value="Temurin-21.0.8+9"/>
    <property name="localRepository" value="C:\Users\Master\.m2\repository"/>
    <property name="java.vendor.url.bug" value="https://github.com/adoptium/adoptium-support/issues"/>
    <property name="java.io.tmpdir" value="C:\Users\Master\AppData\Local\Temp\"/>
    <property name="java.version" value="21.0.8"/>
    <property name="user.dir" value="C:\Users\Master\workspace-eclipse\my-first-migration"/>
    <property name="os.arch" value="amd64"/>
    <property name="java.vm.specification.name" value="Java Virtual Machine Specification"/>
    <property name="sun.os.patch.level" value=""/>
    <property name="native.encoding" value="Cp1252"/>
    <property name="java.library.path" value="C:\Program Files\Eclipse2025\eclipse\plugins\org.eclipse.justj.openjdk.hotspot.jre.full.win32.x86_64_21.0.8.v20250724-1412\jre\bin;C:\Windows\Sun\Java\bin;C:\Windows\system32;C:\Windows;C:/Program Files/Eclipse2025/eclipse//plugins/org.eclipse.justj.openjdk.hotspot.jre.full.win32.x86_64_21.0.8.v20250724-1412/jre/bin/server;C:/Program Files/Eclipse2025/eclipse//plugins/org.eclipse.justj.openjdk.hotspot.jre.full.win32.x86_64_21.0.8.v20250724-1412/jre/bin;C:\Program Files\Common Files\Oracle\Java\javapath;C:\Windows\system32;C:\Windows;C:\Windows\System32\Wbem;C:\Windows\System32\WindowsPowerShell\v1.0\;C:\Windows\System32\OpenSSH\;C:\Program Files\Maven\apache-maven-3.9.9\bin;C:\Program Files\Git\cmd;C:\Program Files\MySQL\MySQL Shell 8.0\bin\;C:\Users\Master\AppData\Local\Microsoft\WindowsApps;C:\Users\Master\AppData\Local\GitHubDesktop\bin;C:\Users\Master\AppData\Local\Programs\Microsoft VS Code\bin;C:\Program Files\Eclipse2025\eclipse;;."/>
    <property name="java.vm.info" value="mixed mode, sharing"/>
    <property name="stderr.encoding" value="Cp1252"/>
    <property name="java.vendor" value="Eclipse Adoptium"/>
    <property name="java.vm.version" value="21.0.8+9-LTS"/>
    <property name="sun.io.unicode.encoding" value="UnicodeLittle"/>
    <property name="java.class.version" value="65.0"/>
  </properties>
  <testcase name="testCreateWsRecordFromArgsWithNoArgs" classname="my.first.migration.MainTest" time="0.045"/>
  <testcase name="testReadRecordsFromFileWithInvalidFlag(Path)" classname="my.first.migration.MainTest" time="0.066"/>
  <testcase name="testPadToLengthWithNullInput" classname="my.first.migration.MainTest" time="0.001"/>
  <testcase name="testWsRecordSetFlag" classname="my.first.migration.MainTest" time="0.001"/>
  <testcase name="testPadToLengthWithNull" classname="my.first.migration.MainTest" time="0.001"/>
  <testcase name="testWsRecordSetFlagEnabled" classname="my.first.migration.MainTest" time="0.001"/>
  <testcase name="testWsRecordSetFlagDisabled" classname="my.first.migration.MainTest" time="0.001"/>
  <testcase name="testWsRecordToStringConsistency" classname="my.first.migration.MainTest" time="0.007"/>
  <testcase name="testPrettyJsonFormatConsistency" classname="my.first.migration.MainTest" time="0.001"/>
  <testcase name="testReadRecordsFromFileWithInvalidFormat(Path)" classname="my.first.migration.MainTest" time="0.004"/>
  <testcase name="testJsonGenerationLogic" classname="my.first.migration.MainTest" time="0.001"/>
  <testcase name="testMainMethodLogicWithoutSystemExit" classname="my.first.migration.MainTest" time="0.001"/>
  <testcase name="testReadRecordsFromFileWithLongName(Path)" classname="my.first.migration.MainTest" time="0.003"/>
  <testcase name="testReadRecordsFromFileWithLongDescription(Path)" classname="my.first.migration.MainTest" time="0.005"/>
  <testcase name="testReadRecordsFromFile(Path)" classname="my.first.migration.MainTest" time="0.004"/>
  <testcase name="testJsonTemplateFormat" classname="my.first.migration.MainTest" time="0.001"/>
  <testcase name="testPadToLength" classname="my.first.migration.MainTest" time="0.001"/>
  <testcase name="testOutputOptionParsing" classname="my.first.migration.MainTest" time="0.001"/>
  <testcase name="testGeneratePrettyJsonWithFalseFlag" classname="my.first.migration.MainTest" time="0.001"/>
  <testcase name="testWsRecordDefaultConstructor" classname="my.first.migration.MainTest" time="0"/>
  <testcase name="testComprehensivePadding" classname="my.first.migration.MainTest" time="0"/>
  <testcase name="testConstants" classname="my.first.migration.MainTest" time="0.001"/>
  <testcase name="testGenerateTimestamp" classname="my.first.migration.MainTest" time="0.001"/>
  <testcase name="testCreateWsRecordFromArgsAlwaysUsesDefaults" classname="my.first.migration.MainTest" time="0"/>
  <testcase name="testPadToLengthWithExactLength" classname="my.first.migration.MainTest" time="0.001"/>
  <testcase name="testWriteToFile(Path)" classname="my.first.migration.MainTest" time="0.003"/>
  <testcase name="testGeneratePrettyJson" classname="my.first.migration.MainTest" time="0"/>
  <testcase name="testArrayJsonGeneration" classname="my.first.migration.MainTest" time="0.001"/>
  <testcase name="testJsonGenerationDoesNotThrowException" classname="my.first.migration.MainTest" time="0.006"/>
  <testcase name="testWsRecordSettersAndGetters" classname="my.first.migration.MainTest" time="0.001"/>
  <testcase name="testReadRecordsFromFileWithEmptyLines(Path)" classname="my.first.migration.MainTest" time="0.003"/>
  <testcase name="testWsRecordGetDisplayString" classname="my.first.migration.MainTest" time="0.001"/>
</testsuite>